<?xml version="1.0" encoding="UTF-8"?>
<testng-results ignored="0" total="1" passed="1" failed="0" skipped="0">
  <reporter-output>
  </reporter-output>
  <suite started-at="2025-06-11T01:29:31Z" name="Surefire suite" finished-at="2025-06-11T01:29:31Z" duration-ms="25">
    <groups>
    </groups>
    <test started-at="2025-06-11T01:29:31Z" name="Surefire test" finished-at="2025-06-11T01:29:31Z" duration-ms="25">
      <class name="com.globant.AppTest">
        <test-method signature="shouldAnswerWithTrue()" started-at="2025-06-11T01:29:31Z" name="shouldAnswerWithTrue" finished-at="2025-06-11T01:29:31Z" duration-ms="2" status="PASS">
          <reporter-output>
          </reporter-output>
        </test-method> <!-- shouldAnswerWithTrue -->
      </class> <!-- com.globant.AppTest -->
    </test> <!-- Surefire test -->
  </suite> <!-- Surefire suite -->
</testng-results>
